<?xml version="1.0" encoding="UTF-8"?>
<!-- Generated by org.testng.reporters.JUnitReportReporter -->
<testsuite skipped="0" hostname="ATMECSINLT-738" name="com.qa.automation.falconUI.testscript.Sampletestng" tests="3" failures="0" timestamp="2019-09-11T11:19:42 IST" time="9.145" errors="0">
  <testcase name="testcase" time="4.497" classname="com.qa.automation.falconUI.testscript.Sampletestng"/>
  <testcase name="Register" time="4.039" classname="com.qa.automation.falconUI.testscript.Sampletestng"/>
  <testcase name="Interactions" time="0.609" classname="com.qa.automation.falconUI.testscript.Sampletestng"/>
</testsuite> <!-- com.qa.automation.falconUI.testscript.Sampletestng -->
